{
  message: 'University Management Auth Service Database Connect Successfully',
  level: 'info',
  label: 'right meow!',
  timestamp: '2024-01-25T09:11:09.961Z'
}
{
  message: 'University Management Auth Service listening on port 5000',
  level: 'info',
  label: 'right meow!',
  timestamp: '2024-01-25T09:11:09.973Z'
}
{
  message: 'University Management Auth Service Database Connect Successfully',
  level: 'info',
  label: 'right meow!',
  timestamp: '2024-01-25T09:25:45.632Z'
}
{
  message: 'University Management Auth Service listening on port 5000',
  level: 'info',
  label: 'right meow!',
  timestamp: '2024-01-25T09:25:45.645Z'
}
