{
  message: 'University Management Auth Service Database Connect Successfully',
  level: 'info',
  label: 'right meow!',
  timestamp: '2024-03-10T04:35:12.529Z'
}
{
  message: 'University Management Auth Service listening on port 5000',
  level: 'info',
  label: 'right meow!',
  timestamp: '2024-03-10T04:35:12.540Z'
}
{
  message: 'University Management Auth Service Database Connect Successfully',
  level: 'info',
  label: 'right meow!',
  timestamp: '2024-03-10T04:43:56.598Z'
}
{
  message: 'University Management Auth Service listening on port 5000',
  level: 'info',
  label: 'right meow!',
  timestamp: '2024-03-10T04:43:56.627Z'
}
{
  message: 'University Management Auth Service Database Connect Successfully',
  level: 'info',
  label: 'right meow!',
  timestamp: '2024-03-10T04:44:03.079Z'
}
{
  message: 'University Management Auth Service listening on port 5000',
  level: 'info',
  label: 'right meow!',
  timestamp: '2024-03-10T04:44:03.088Z'
}
{
  message: 'University Management Auth Service Database Connect Successfully',
  level: 'info',
  label: 'right meow!',
  timestamp: '2024-03-10T04:44:13.575Z'
}
{
  message: 'University Management Auth Service listening on port 5000',
  level: 'info',
  label: 'right meow!',
  timestamp: '2024-03-10T04:44:13.648Z'
}
{
  message: 'University Management Auth Service Database Connect Successfully',
  level: 'info',
  label: 'right meow!',
  timestamp: '2024-03-10T04:45:32.096Z'
}
{
  message: 'University Management Auth Service listening on port 5000',
  level: 'info',
  label: 'right meow!',
  timestamp: '2024-03-10T04:45:32.186Z'
}
{
  message: 'University Management Auth Service Database Connect Successfully',
  level: 'info',
  label: 'right meow!',
  timestamp: '2024-03-10T04:49:45.795Z'
}
{
  message: 'University Management Auth Service listening on port 5000',
  level: 'info',
  label: 'right meow!',
  timestamp: '2024-03-10T04:49:45.805Z'
}
{
  message: 'University Management Auth Service Database Connect Successfully',
  level: 'info',
  label: 'right meow!',
  timestamp: '2024-03-10T04:55:28.829Z'
}
{
  message: 'University Management Auth Service listening on port 5000',
  level: 'info',
  label: 'right meow!',
  timestamp: '2024-03-10T04:55:28.838Z'
}
{
  message: 'University Management Auth Service Database Connect Successfully',
  level: 'info',
  label: 'right meow!',
  timestamp: '2024-03-10T04:57:02.317Z'
}
{
  message: 'University Management Auth Service listening on port 5000',
  level: 'info',
  label: 'right meow!',
  timestamp: '2024-03-10T04:57:02.328Z'
}
{
  message: 'University Management Auth Service Database Connect Successfully',
  level: 'info',
  label: 'right meow!',
  timestamp: '2024-03-10T04:57:36.961Z'
}
{
  message: 'University Management Auth Service listening on port 5000',
  level: 'info',
  label: 'right meow!',
  timestamp: '2024-03-10T04:57:36.976Z'
}
{
  message: 'University Management Auth Service Database Connect Successfully',
  level: 'info',
  label: 'right meow!',
  timestamp: '2024-03-10T04:58:13.361Z'
}
{
  message: 'University Management Auth Service listening on port 5000',
  level: 'info',
  label: 'right meow!',
  timestamp: '2024-03-10T04:58:13.371Z'
}
{
  message: 'University Management Auth Service Database Connect Successfully',
  level: 'info',
  label: 'right meow!',
  timestamp: '2024-03-10T04:58:33.883Z'
}
{
  message: 'University Management Auth Service listening on port 5000',
  level: 'info',
  label: 'right meow!',
  timestamp: '2024-03-10T04:58:33.927Z'
}
