{
  message: 'University Management Auth Service Database Connect Successfully',
  level: 'info',
  label: 'right meow!',
  timestamp: '2024-03-02T18:01:38.827Z'
}
{
  message: 'University Management Auth Service listening on port 5000',
  level: 'info',
  label: 'right meow!',
  timestamp: '2024-03-02T18:01:38.921Z'
}
{
  message: 'University Management Auth Service Database Connect Successfully',
  level: 'info',
  label: 'right meow!',
  timestamp: '2024-03-02T18:06:23.549Z'
}
{
  message: 'University Management Auth Service listening on port 5000',
  level: 'info',
  label: 'right meow!',
  timestamp: '2024-03-02T18:06:23.580Z'
}
{
  message: 'University Management Auth Service Database Connect Successfully',
  level: 'info',
  label: 'right meow!',
  timestamp: '2024-03-02T18:09:49.108Z'
}
{
  message: 'University Management Auth Service listening on port 5000',
  level: 'info',
  label: 'right meow!',
  timestamp: '2024-03-02T18:09:49.150Z'
}
{
  message: 'University Management Auth Service Database Connect Successfully',
  level: 'info',
  label: 'right meow!',
  timestamp: '2024-03-02T18:17:49.298Z'
}
{
  message: 'University Management Auth Service listening on port 5000',
  level: 'info',
  label: 'right meow!',
  timestamp: '2024-03-02T18:17:49.332Z'
}
{
  message: 'University Management Auth Service Database Connect Successfully',
  level: 'info',
  label: 'right meow!',
  timestamp: '2024-03-02T18:22:51.885Z'
}
{
  message: 'University Management Auth Service listening on port 5000',
  level: 'info',
  label: 'right meow!',
  timestamp: '2024-03-02T18:22:51.933Z'
}
