{
  message: 'University Management Auth Service Database Connect Successfully',
  level: 'info',
  label: 'right meow!',
  timestamp: '2024-03-07T16:28:19.206Z'
}
{
  message: 'University Management Auth Service listening on port 5000',
  level: 'info',
  label: 'right meow!',
  timestamp: '2024-03-07T16:28:19.236Z'
}
{
  message: 'University Management Auth Service Database Connect Successfully',
  level: 'info',
  label: 'right meow!',
  timestamp: '2024-03-07T16:32:51.482Z'
}
{
  message: 'University Management Auth Service listening on port 5000',
  level: 'info',
  label: 'right meow!',
  timestamp: '2024-03-07T16:32:51.562Z'
}
{
  message: 'University Management Auth Service Database Connect Successfully',
  level: 'info',
  label: 'right meow!',
  timestamp: '2024-03-07T16:50:38.562Z'
}
{
  message: 'University Management Auth Service listening on port 5000',
  level: 'info',
  label: 'right meow!',
  timestamp: '2024-03-07T16:50:38.652Z'
}
{
  message: 'University Management Auth Service Database Connect Successfully',
  level: 'info',
  label: 'right meow!',
  timestamp: '2024-03-07T16:56:08.514Z'
}
{
  message: 'University Management Auth Service listening on port 5000',
  level: 'info',
  label: 'right meow!',
  timestamp: '2024-03-07T16:56:08.538Z'
}
{
  message: 'University Management Auth Service Database Connect Successfully',
  level: 'info',
  label: 'right meow!',
  timestamp: '2024-03-07T16:59:15.047Z'
}
{
  message: 'University Management Auth Service listening on port 5000',
  level: 'info',
  label: 'right meow!',
  timestamp: '2024-03-07T16:59:15.190Z'
}
