{
  message: 'University Management Auth Service Database Connect Successfully',
  level: 'info',
  label: 'right meow!',
  timestamp: '2024-03-10T05:02:19.637Z'
}
{
  message: 'University Management Auth Service listening on port 5000',
  level: 'info',
  label: 'right meow!',
  timestamp: '2024-03-10T05:02:19.646Z'
}
{
  message: 'University Management Auth Service Database Connect Successfully',
  level: 'info',
  label: 'right meow!',
  timestamp: '2024-03-10T05:02:34.706Z'
}
{
  message: 'University Management Auth Service listening on port 5000',
  level: 'info',
  label: 'right meow!',
  timestamp: '2024-03-10T05:02:34.716Z'
}
{
  message: 'University Management Auth Service Database Connect Successfully',
  level: 'info',
  label: 'right meow!',
  timestamp: '2024-03-10T05:02:50.141Z'
}
{
  message: 'University Management Auth Service listening on port 5000',
  level: 'info',
  label: 'right meow!',
  timestamp: '2024-03-10T05:02:50.154Z'
}
{
  message: 'University Management Auth Service Database Connect Successfully',
  level: 'info',
  label: 'right meow!',
  timestamp: '2024-03-10T05:03:05.203Z'
}
{
  message: 'University Management Auth Service listening on port 5000',
  level: 'info',
  label: 'right meow!',
  timestamp: '2024-03-10T05:03:05.219Z'
}
{
  message: 'University Management Auth Service Database Connect Successfully',
  level: 'info',
  label: 'right meow!',
  timestamp: '2024-03-10T05:03:51.042Z'
}
{
  message: 'University Management Auth Service listening on port 5000',
  level: 'info',
  label: 'right meow!',
  timestamp: '2024-03-10T05:03:51.124Z'
}
{
  message: 'University Management Auth Service Database Connect Successfully',
  level: 'info',
  label: 'right meow!',
  timestamp: '2024-03-10T05:04:10.663Z'
}
{
  message: 'University Management Auth Service listening on port 5000',
  level: 'info',
  label: 'right meow!',
  timestamp: '2024-03-10T05:04:10.677Z'
}
{
  message: 'University Management Auth Service Database Connect Successfully',
  level: 'info',
  label: 'right meow!',
  timestamp: '2024-03-10T05:05:07.367Z'
}
{
  message: 'University Management Auth Service listening on port 5000',
  level: 'info',
  label: 'right meow!',
  timestamp: '2024-03-10T05:05:07.381Z'
}
{
  message: 'University Management Auth Service Database Connect Successfully',
  level: 'info',
  label: 'right meow!',
  timestamp: '2024-03-10T05:07:19.390Z'
}
{
  message: 'University Management Auth Service listening on port 5000',
  level: 'info',
  label: 'right meow!',
  timestamp: '2024-03-10T05:07:19.426Z'
}
{
  message: 'University Management Auth Service Database Connect Successfully',
  level: 'info',
  label: 'right meow!',
  timestamp: '2024-03-10T05:07:26.050Z'
}
{
  message: 'University Management Auth Service listening on port 5000',
  level: 'info',
  label: 'right meow!',
  timestamp: '2024-03-10T05:07:26.059Z'
}
{
  message: 'University Management Auth Service Database Connect Successfully',
  level: 'info',
  label: 'right meow!',
  timestamp: '2024-03-10T05:10:01.948Z'
}
{
  message: 'University Management Auth Service listening on port 5000',
  level: 'info',
  label: 'right meow!',
  timestamp: '2024-03-10T05:10:01.968Z'
}
{
  message: 'University Management Auth Service Database Connect Successfully',
  level: 'info',
  label: 'right meow!',
  timestamp: '2024-03-10T05:10:10.497Z'
}
{
  message: 'University Management Auth Service listening on port 5000',
  level: 'info',
  label: 'right meow!',
  timestamp: '2024-03-10T05:10:10.573Z'
}
{
  message: 'University Management Auth Service Database Connect Successfully',
  level: 'info',
  label: 'right meow!',
  timestamp: '2024-03-10T05:11:22.450Z'
}
{
  message: 'University Management Auth Service listening on port 5000',
  level: 'info',
  label: 'right meow!',
  timestamp: '2024-03-10T05:11:22.460Z'
}
{
  message: 'University Management Auth Service Database Connect Successfully',
  level: 'info',
  label: 'right meow!',
  timestamp: '2024-03-10T05:12:25.262Z'
}
{
  message: 'University Management Auth Service listening on port 5000',
  level: 'info',
  label: 'right meow!',
  timestamp: '2024-03-10T05:12:25.278Z'
}
{
  message: 'University Management Auth Service Database Connect Successfully',
  level: 'info',
  label: 'right meow!',
  timestamp: '2024-03-10T05:13:49.384Z'
}
{
  message: 'University Management Auth Service listening on port 5000',
  level: 'info',
  label: 'right meow!',
  timestamp: '2024-03-10T05:13:49.396Z'
}
{
  message: 'University Management Auth Service Database Connect Successfully',
  level: 'info',
  label: 'right meow!',
  timestamp: '2024-03-10T05:14:26.192Z'
}
{
  message: 'University Management Auth Service listening on port 5000',
  level: 'info',
  label: 'right meow!',
  timestamp: '2024-03-10T05:14:26.203Z'
}
{
  message: 'University Management Auth Service Database Connect Successfully',
  level: 'info',
  label: 'right meow!',
  timestamp: '2024-03-10T05:15:55.684Z'
}
{
  message: 'University Management Auth Service listening on port 5000',
  level: 'info',
  label: 'right meow!',
  timestamp: '2024-03-10T05:15:55.697Z'
}
{
  message: 'University Management Auth Service Database Connect Successfully',
  level: 'info',
  label: 'right meow!',
  timestamp: '2024-03-10T05:17:05.614Z'
}
{
  message: 'University Management Auth Service listening on port 5000',
  level: 'info',
  label: 'right meow!',
  timestamp: '2024-03-10T05:17:05.627Z'
}
{
  message: 'University Management Auth Service Database Connect Successfully',
  level: 'info',
  label: 'right meow!',
  timestamp: '2024-03-10T05:18:54.864Z'
}
{
  message: 'University Management Auth Service listening on port 5000',
  level: 'info',
  label: 'right meow!',
  timestamp: '2024-03-10T05:18:54.874Z'
}
{
  message: 'University Management Auth Service Database Connect Successfully',
  level: 'info',
  label: 'right meow!',
  timestamp: '2024-03-10T05:19:32.614Z'
}
{
  message: 'University Management Auth Service listening on port 5000',
  level: 'info',
  label: 'right meow!',
  timestamp: '2024-03-10T05:19:32.624Z'
}
{
  message: 'University Management Auth Service Database Connect Successfully',
  level: 'info',
  label: 'right meow!',
  timestamp: '2024-03-10T05:23:33.897Z'
}
{
  message: 'University Management Auth Service listening on port 5000',
  level: 'info',
  label: 'right meow!',
  timestamp: '2024-03-10T05:23:33.905Z'
}
{
  message: 'University Management Auth Service Database Connect Successfully',
  level: 'info',
  label: 'right meow!',
  timestamp: '2024-03-10T05:25:07.084Z'
}
{
  message: 'University Management Auth Service listening on port 5000',
  level: 'info',
  label: 'right meow!',
  timestamp: '2024-03-10T05:25:07.101Z'
}
{
  message: 'University Management Auth Service Database Connect Successfully',
  level: 'info',
  label: 'right meow!',
  timestamp: '2024-03-10T05:25:18.518Z'
}
{
  message: 'University Management Auth Service listening on port 5000',
  level: 'info',
  label: 'right meow!',
  timestamp: '2024-03-10T05:25:18.538Z'
}
{
  message: 'University Management Auth Service Database Connect Successfully',
  level: 'info',
  label: 'right meow!',
  timestamp: '2024-03-10T05:25:45.045Z'
}
{
  message: 'University Management Auth Service listening on port 5000',
  level: 'info',
  label: 'right meow!',
  timestamp: '2024-03-10T05:25:45.056Z'
}
{
  message: 'University Management Auth Service Database Connect Successfully',
  level: 'info',
  label: 'right meow!',
  timestamp: '2024-03-10T05:25:56.905Z'
}
{
  message: 'University Management Auth Service listening on port 5000',
  level: 'info',
  label: 'right meow!',
  timestamp: '2024-03-10T05:25:56.914Z'
}
{
  message: 'University Management Auth Service Database Connect Successfully',
  level: 'info',
  label: 'right meow!',
  timestamp: '2024-03-10T05:28:01.070Z'
}
{
  message: 'University Management Auth Service listening on port 5000',
  level: 'info',
  label: 'right meow!',
  timestamp: '2024-03-10T05:28:01.080Z'
}
{
  message: 'University Management Auth Service Database Connect Successfully',
  level: 'info',
  label: 'right meow!',
  timestamp: '2024-03-10T05:30:57.632Z'
}
{
  message: 'University Management Auth Service listening on port 5000',
  level: 'info',
  label: 'right meow!',
  timestamp: '2024-03-10T05:30:57.650Z'
}
{
  message: 'University Management Auth Service Database Connect Successfully',
  level: 'info',
  label: 'right meow!',
  timestamp: '2024-03-10T05:31:08.657Z'
}
{
  message: 'University Management Auth Service listening on port 5000',
  level: 'info',
  label: 'right meow!',
  timestamp: '2024-03-10T05:31:08.668Z'
}
{
  message: 'University Management Auth Service Database Connect Successfully',
  level: 'info',
  label: 'right meow!',
  timestamp: '2024-03-10T05:32:14.080Z'
}
{
  message: 'University Management Auth Service listening on port 5000',
  level: 'info',
  label: 'right meow!',
  timestamp: '2024-03-10T05:32:14.103Z'
}
{
  message: 'University Management Auth Service Database Connect Successfully',
  level: 'info',
  label: 'right meow!',
  timestamp: '2024-03-10T05:33:18.042Z'
}
{
  message: 'University Management Auth Service listening on port 5000',
  level: 'info',
  label: 'right meow!',
  timestamp: '2024-03-10T05:33:18.053Z'
}
{
  message: 'University Management Auth Service Database Connect Successfully',
  level: 'info',
  label: 'right meow!',
  timestamp: '2024-03-10T05:33:49.470Z'
}
{
  message: 'University Management Auth Service listening on port 5000',
  level: 'info',
  label: 'right meow!',
  timestamp: '2024-03-10T05:33:49.486Z'
}
{
  message: 'University Management Auth Service Database Connect Successfully',
  level: 'info',
  label: 'right meow!',
  timestamp: '2024-03-10T05:34:08.458Z'
}
{
  message: 'University Management Auth Service listening on port 5000',
  level: 'info',
  label: 'right meow!',
  timestamp: '2024-03-10T05:34:08.476Z'
}
