{
  message: 'UnHandle Rejection are detected,We are closing our server now ....',
  level: 'error',
  label: 'right meow!',
  timestamp: '2024-02-29T18:04:04.036Z'
}
{
  stringValue: '"i"',
  messageFormat: undefined,
  kind: 'number',
  value: 'i',
  path: 'year',
  reason: null,
  valueType: 'string',
  model: Model { AcademicSemester },
  level: 'error',
  label: 'right meow!',
  timestamp: '2024-02-29T18:04:35.054Z'
}
{
  message: 'UnHandle Rejection are detected,We are closing our server now ....',
  level: 'error',
  label: 'right meow!',
  timestamp: '2024-02-29T18:06:36.051Z'
}
{
  ok: 0,
  code: 2,
  codeName: 'BadValue',
  '$clusterTime': {
    clusterTime: new Timestamp({ t: 1709229995, i: 3 }),
    signature: {
      hash: Binary.createFromBase64('ElMxorHhgz8JLMvYSDXXTw99jvk=', 0),
      keyId: new Long('7322590180760616965')
    }
  },
  operationTime: new Timestamp({ t: 1709229995, i: 3 }),
  level: 'error',
  label: 'right meow!',
  timestamp: '2024-02-29T18:06:52.454Z',
  [Symbol(errorLabels)]: Set(0) {}
}
{
  message: 'UnHandle Rejection are detected,We are closing our server now ....',
  level: 'error',
  label: 'right meow!',
  timestamp: '2024-02-29T18:10:13.568Z'
}
{
  ok: 0,
  code: 2,
  codeName: 'BadValue',
  '$clusterTime': {
    clusterTime: new Timestamp({ t: 1709230213, i: 2 }),
    signature: {
      hash: Binary.createFromBase64('+lMQqfkXYWMgDb0tQKqD0uWTrOQ=', 0),
      keyId: new Long('7322590180760616965')
    }
  },
  operationTime: new Timestamp({ t: 1709230213, i: 2 }),
  level: 'error',
  label: 'right meow!',
  timestamp: '2024-02-29T18:11:06.096Z',
  [Symbol(errorLabels)]: Set(0) {}
}
{
  message: 'UnHandle Rejection are detected,We are closing our server now ....',
  level: 'error',
  label: 'right meow!',
  timestamp: '2024-02-29T18:16:46.028Z'
}
{
  ok: 0,
  code: 2,
  codeName: 'BadValue',
  '$clusterTime': {
    clusterTime: new Timestamp({ t: 1709230606, i: 3 }),
    signature: {
      hash: Binary.createFromBase64('Ei1TooMJY0+4w/FhoTbYTphoZlk=', 0),
      keyId: new Long('7322590180760616965')
    }
  },
  operationTime: new Timestamp({ t: 1709230606, i: 3 }),
  level: 'error',
  label: 'right meow!',
  timestamp: '2024-02-29T18:16:56.067Z',
  [Symbol(errorLabels)]: Set(0) {}
}
{
  message: 'UnHandle Rejection are detected,We are closing our server now ....',
  level: 'error',
  label: 'right meow!',
  timestamp: '2024-02-29T18:21:26.981Z'
}
{
  message: 'UnHandle Rejection are detected,We are closing our server now ....',
  level: 'error',
  label: 'right meow!',
  timestamp: '2024-02-29T18:46:44.771Z'
}
{
  stringValue: '"i"',
  messageFormat: undefined,
  kind: 'number',
  value: 'i',
  path: 'year',
  reason: null,
  valueType: 'string',
  model: Model { AcademicSemester },
  level: 'error',
  label: 'right meow!',
  timestamp: '2024-02-29T18:47:09.578Z'
}
{
  message: 'UnHandle Rejection are detected,We are closing our server now ....',
  level: 'error',
  label: 'right meow!',
  timestamp: '2024-02-29T18:47:54.355Z'
}
{
  message: 'UnHandle Rejection are detected,We are closing our server now ....',
  level: 'error',
  label: 'right meow!',
  timestamp: '2024-02-29T18:48:49.574Z'
}
{
  issues: [
    {
      code: 'invalid_type',
      expected: 'string',
      received: 'number',
      path: [ 'body', 'year' ],
      message: 'Expected string, received number'
    }
  ],
  addIssue: [Function (anonymous)],
  addIssues: [Function (anonymous)],
  name: 'ZodError',
  level: 'error',
  message: '🐱‍🏍 globalErrorHandler ~~ [\n' +
    '  {\n' +
    '    "code": "invalid_type",\n' +
    '    "expected": "string",\n' +
    '    "received": "number",\n' +
    '    "path": [\n' +
    '      "body",\n' +
    '      "year"\n' +
    '    ],\n' +
    '    "message": "Expected string, received number"\n' +
    '  }\n' +
    ']',
  stack: 'ZodError: [\n' +
    '  {\n' +
    '    "code": "invalid_type",\n' +
    '    "expected": "string",\n' +
    '    "received": "number",\n' +
    '    "path": [\n' +
    '      "body",\n' +
    '      "year"\n' +
    '    ],\n' +
    '    "message": "Expected string, received number"\n' +
    '  }\n' +
    ']\n' +
    '    at Object.get error [as error] (C:\\Users\\Rezwa\\OneDrive\\Documents\\University-Management\\university-management-auth-service\\node_modules\\zod\\lib\\types.js:43:31)\n' +
    '    at ZodObject.parse (C:\\Users\\Rezwa\\OneDrive\\Documents\\University-Management\\university-management-auth-service\\node_modules\\zod\\lib\\types.js:143:22)\n' +
    '    at C:\\Users\\Rezwa\\OneDrive\\Documents\\University-Management\\university-management-auth-service\\src\\app\\middlewares\\validateRequest.ts:6:22\n' +
    '    at Generator.next (<anonymous>)\n' +
    '    at C:\\Users\\Rezwa\\OneDrive\\Documents\\University-Management\\university-management-auth-service\\src\\app\\middlewares\\validateRequest.ts:8:71\n' +
    '    at new Promise (<anonymous>)\n' +
    '    at __awaiter (C:\\Users\\Rezwa\\OneDrive\\Documents\\University-Management\\university-management-auth-service\\src\\app\\middlewares\\validateRequest.ts:4:12)\n' +
    '    at C:\\Users\\Rezwa\\OneDrive\\Documents\\University-Management\\university-management-auth-service\\src\\app\\middlewares\\validateRequest.ts:4:124\n' +
    '    at Layer.handle [as handle_request] (C:\\Users\\Rezwa\\OneDrive\\Documents\\University-Management\\university-management-auth-service\\node_modules\\express\\lib\\router\\layer.js:95:5)\n' +
    '    at next (C:\\Users\\Rezwa\\OneDrive\\Documents\\University-Management\\university-management-auth-service\\node_modules\\express\\lib\\router\\route.js:144:13)',
  label: 'right meow!',
  timestamp: '2024-02-29T18:57:32.507Z'
}
