{
  level: 'error',
  label: 'right meow!',
  timestamp: '2024-05-08T18:12:57.780Z'
}
{
  stringValue: `"{ id: '210300001' }"`,
  messageFormat: undefined,
  kind: 'ObjectId',
  value: { id: '210300001' },
  path: '_id',
  reason: BSONError: input must be a 24 character hex string, 12 byte Uint8Array, or an integer
      at new ObjectId (C:\Users\Rezwa\OneDrive\Documents\University-Management\university-management-auth-service\node_modules\bson\src\objectid.ts:80:15)
      at castObjectId (C:\Users\Rezwa\OneDrive\Documents\University-Management\university-management-auth-service\node_modules\mongoose\lib\cast\objectid.js:25:12)
      at SchemaObjectId.cast (C:\Users\Rezwa\OneDrive\Documents\University-Management\university-management-auth-service\node_modules\mongoose\lib\schema\objectId.js:248:12)
      at SchemaObjectId.SchemaType.applySetters (C:\Users\Rezwa\OneDrive\Documents\University-Management\university-management-auth-service\node_modules\mongoose\lib\schemaType.js:1219:12)
      at SchemaObjectId.SchemaType.castForQuery (C:\Users\Rezwa\OneDrive\Documents\University-Management\university-management-auth-service\node_modules\mongoose\lib\schemaType.js:1634:17)
      at cast (C:\Users\Rezwa\OneDrive\Documents\University-Management\university-management-auth-service\node_modules\mongoose\lib\cast.js:304:34)
      at model.Query.Query.cast (C:\Users\Rezwa\OneDrive\Documents\University-Management\university-management-auth-service\node_modules\mongoose\lib\query.js:4746:12)
      at model.Query.Query._castConditions (C:\Users\Rezwa\OneDrive\Documents\University-Management\university-management-auth-service\node_modules\mongoose\lib\query.js:2200:10)
      at model.Query._findOne (C:\Users\Rezwa\OneDrive\Documents\University-Management\university-management-auth-service\node_modules\mongoose\lib\query.js:2484:8)
      at model.Query.exec (C:\Users\Rezwa\OneDrive\Documents\University-Management\university-management-auth-service\node_modules\mongoose\lib\query.js:4290:80),
  valueType: 'Object',
  model: Model { users },
  level: 'error',
  label: 'right meow!',
  timestamp: '2024-05-08T18:17:02.850Z'
}
