{
  message: 'UnHandle Rejection are detected,We are closing our server now ....',
  level: 'error',
  label: 'right meow!',
  timestamp: '2024-03-01T05:16:12.512Z'
}
{
  message: 'UnHandle Rejection are detected,We are closing our server now ....',
  level: 'error',
  label: 'right meow!',
  timestamp: '2024-03-01T05:16:14.377Z'
}
{
  message: 'UnHandle Rejection are detected,We are closing our server now ....',
  level: 'error',
  label: 'right meow!',
  timestamp: '2024-03-01T05:16:41.718Z'
}
{
  ok: 0,
  code: 2,
  codeName: 'BadValue',
  '$clusterTime': {
    clusterTime: new Timestamp({ t: 1709270203, i: 1 }),
    signature: {
      hash: Binary.createFromBase64('SxzvOwN86jRrrsTzG3H8DIfyArY=', 0),
      keyId: new Long('7322590180760616965')
    }
  },
  operationTime: new Timestamp({ t: 1709270203, i: 1 }),
  level: 'error',
  label: 'right meow!',
  timestamp: '2024-03-01T05:16:52.293Z',
  [Symbol(errorLabels)]: Set(0) {}
}
{
  message: 'UnHandle Rejection are detected,We are closing our server now ....',
  level: 'error',
  label: 'right meow!',
  timestamp: '2024-03-01T05:17:37.536Z'
}
{
  message: 'UnHandle Rejection are detected,We are closing our server now ....',
  level: 'error',
  label: 'right meow!',
  timestamp: '2024-03-01T05:19:57.800Z'
}
{
  ok: 0,
  code: 2,
  codeName: 'BadValue',
  '$clusterTime': {
    clusterTime: new Timestamp({ t: 1709270399, i: 3 }),
    signature: {
      hash: Binary.createFromBase64('pH+guuX7ZDwCluHTFS5JJD9COUQ=', 0),
      keyId: new Long('7322590180760616965')
    }
  },
  operationTime: new Timestamp({ t: 1709270399, i: 3 }),
  level: 'error',
  label: 'right meow!',
  timestamp: '2024-03-01T05:20:30.301Z',
  [Symbol(errorLabels)]: Set(0) {}
}
{
  issues: [
    {
      code: 'invalid_type',
      expected: 'string',
      received: 'number',
      path: [ 'body', 'year' ],
      message: 'Expected string, received number'
    }
  ],
  addIssue: [Function (anonymous)],
  addIssues: [Function (anonymous)],
  name: 'ZodError',
  level: 'error',
  message: '🐱‍🏍 globalErrorHandler ~~ [\n' +
    '  {\n' +
    '    "code": "invalid_type",\n' +
    '    "expected": "string",\n' +
    '    "received": "number",\n' +
    '    "path": [\n' +
    '      "body",\n' +
    '      "year"\n' +
    '    ],\n' +
    '    "message": "Expected string, received number"\n' +
    '  }\n' +
    ']',
  stack: 'ZodError: [\n' +
    '  {\n' +
    '    "code": "invalid_type",\n' +
    '    "expected": "string",\n' +
    '    "received": "number",\n' +
    '    "path": [\n' +
    '      "body",\n' +
    '      "year"\n' +
    '    ],\n' +
    '    "message": "Expected string, received number"\n' +
    '  }\n' +
    ']\n' +
    '    at Object.get error [as error] (C:\\Users\\Rezwa\\OneDrive\\Documents\\University-Management\\university-management-auth-service\\node_modules\\zod\\lib\\types.js:43:31)\n' +
    '    at ZodObject.parse (C:\\Users\\Rezwa\\OneDrive\\Documents\\University-Management\\university-management-auth-service\\node_modules\\zod\\lib\\types.js:143:22)\n' +
    '    at C:\\Users\\Rezwa\\OneDrive\\Documents\\University-Management\\university-management-auth-service\\src\\app\\middlewares\\validateRequest.ts:6:22\n' +
    '    at Generator.next (<anonymous>)\n' +
    '    at C:\\Users\\Rezwa\\OneDrive\\Documents\\University-Management\\university-management-auth-service\\src\\app\\middlewares\\validateRequest.ts:8:71\n' +
    '    at new Promise (<anonymous>)\n' +
    '    at __awaiter (C:\\Users\\Rezwa\\OneDrive\\Documents\\University-Management\\university-management-auth-service\\src\\app\\middlewares\\validateRequest.ts:4:12)\n' +
    '    at C:\\Users\\Rezwa\\OneDrive\\Documents\\University-Management\\university-management-auth-service\\src\\app\\middlewares\\validateRequest.ts:4:124\n' +
    '    at Layer.handle [as handle_request] (C:\\Users\\Rezwa\\OneDrive\\Documents\\University-Management\\university-management-auth-service\\node_modules\\express\\lib\\router\\layer.js:95:5)\n' +
    '    at next (C:\\Users\\Rezwa\\OneDrive\\Documents\\University-Management\\university-management-auth-service\\node_modules\\express\\lib\\router\\route.js:144:13)',
  label: 'right meow!',
  timestamp: '2024-03-01T05:22:07.408Z'
}
{
  message: 'UnHandle Rejection are detected,We are closing our server now ....',
  level: 'error',
  label: 'right meow!',
  timestamp: '2024-03-01T05:22:21.058Z'
}
{
  statusCode: 409,
  level: 'error',
  label: 'right meow!',
  timestamp: '2024-03-01T05:22:34.279Z'
}
