{
  stringValue: '"65e2f0d0dcc9589af052c1e"',
  messageFormat: undefined,
  kind: 'ObjectId',
  value: '65e2f0d0dcc9589af052c1e',
  path: '_id',
  reason: BSONError: input must be a 24 character hex string, 12 byte Uint8Array, or an integer
      at new ObjectId (C:\Users\Rezwa\OneDrive\Documents\University-Management\university-management-auth-service\node_modules\bson\src\objectid.ts:80:15)
      at castObjectId (C:\Users\Rezwa\OneDrive\Documents\University-Management\university-management-auth-service\node_modules\mongoose\lib\cast\objectid.js:25:12)
      at SchemaObjectId.cast (C:\Users\Rezwa\OneDrive\Documents\University-Management\university-management-auth-service\node_modules\mongoose\lib\schema\objectId.js:248:12)
      at SchemaObjectId.SchemaType.applySetters (C:\Users\Rezwa\OneDrive\Documents\University-Management\university-management-auth-service\node_modules\mongoose\lib\schemaType.js:1219:12)
      at SchemaObjectId.SchemaType.castForQuery (C:\Users\Rezwa\OneDrive\Documents\University-Management\university-management-auth-service\node_modules\mongoose\lib\schemaType.js:1634:17)
      at cast (C:\Users\Rezwa\OneDrive\Documents\University-Management\university-management-auth-service\node_modules\mongoose\lib\cast.js:375:32)
      at model.Query.Query.cast (C:\Users\Rezwa\OneDrive\Documents\University-Management\university-management-auth-service\node_modules\mongoose\lib\query.js:4746:12)
      at model.Query.Query._castConditions (C:\Users\Rezwa\OneDrive\Documents\University-Management\university-management-auth-service\node_modules\mongoose\lib\query.js:2200:10)
      at model.Query._findOne (C:\Users\Rezwa\OneDrive\Documents\University-Management\university-management-auth-service\node_modules\mongoose\lib\query.js:2484:8)
      at model.Query.exec (C:\Users\Rezwa\OneDrive\Documents\University-Management\university-management-auth-service\node_modules\mongoose\lib\query.js:4290:80),
  valueType: 'string',
  model: Model { AcademicSemester },
  level: 'error',
  message: 'UnCaught Exception is Detected... Cast to ObjectId failed for value "65e2f0d0dcc9589af052c1e" (type string) at path "_id" for model "AcademicSemester"',
  stack: 'CastError: Cast to ObjectId failed for value "65e2f0d0dcc9589af052c1e" (type string) at path "_id" for model "AcademicSemester"\n' +
    '    at SchemaObjectId.cast (C:\\Users\\Rezwa\\OneDrive\\Documents\\University-Management\\university-management-auth-service\\node_modules\\mongoose\\lib\\schema\\objectId.js:250:11)\n' +
    '    at SchemaObjectId.SchemaType.applySetters (C:\\Users\\Rezwa\\OneDrive\\Documents\\University-Management\\university-management-auth-service\\node_modules\\mongoose\\lib\\schemaType.js:1219:12)\n' +
    '    at SchemaObjectId.SchemaType.castForQuery (C:\\Users\\Rezwa\\OneDrive\\Documents\\University-Management\\university-management-auth-service\\node_modules\\mongoose\\lib\\schemaType.js:1634:17)\n' +
    '    at cast (C:\\Users\\Rezwa\\OneDrive\\Documents\\University-Management\\university-management-auth-service\\node_modules\\mongoose\\lib\\cast.js:375:32)\n' +
    '    at model.Query.Query.cast (C:\\Users\\Rezwa\\OneDrive\\Documents\\University-Management\\university-management-auth-service\\node_modules\\mongoose\\lib\\query.js:4746:12)\n' +
    '    at model.Query.Query._castConditions (C:\\Users\\Rezwa\\OneDrive\\Documents\\University-Management\\university-management-auth-service\\node_modules\\mongoose\\lib\\query.js:2200:10)\n' +
    '    at model.Query._findOne (C:\\Users\\Rezwa\\OneDrive\\Documents\\University-Management\\university-management-auth-service\\node_modules\\mongoose\\lib\\query.js:2484:8)\n' +
    '    at model.Query.exec (C:\\Users\\Rezwa\\OneDrive\\Documents\\University-Management\\university-management-auth-service\\node_modules\\mongoose\\lib\\query.js:4290:80)\n' +
    '    at processTicksAndRejections (node:internal/process/task_queues:95:5)',
  label: 'right meow!',
  timestamp: '2024-03-02T16:03:57.813Z'
}
{
  stringValue: '"65e2f0d0dcc9589af052c1e"',
  messageFormat: undefined,
  kind: 'ObjectId',
  value: '65e2f0d0dcc9589af052c1e',
  path: '_id',
  reason: BSONError: input must be a 24 character hex string, 12 byte Uint8Array, or an integer
      at new ObjectId (C:\Users\Rezwa\OneDrive\Documents\University-Management\university-management-auth-service\node_modules\bson\src\objectid.ts:80:15)
      at castObjectId (C:\Users\Rezwa\OneDrive\Documents\University-Management\university-management-auth-service\node_modules\mongoose\lib\cast\objectid.js:25:12)
      at SchemaObjectId.cast (C:\Users\Rezwa\OneDrive\Documents\University-Management\university-management-auth-service\node_modules\mongoose\lib\schema\objectId.js:248:12)
      at SchemaObjectId.SchemaType.applySetters (C:\Users\Rezwa\OneDrive\Documents\University-Management\university-management-auth-service\node_modules\mongoose\lib\schemaType.js:1219:12)
      at SchemaObjectId.SchemaType.castForQuery (C:\Users\Rezwa\OneDrive\Documents\University-Management\university-management-auth-service\node_modules\mongoose\lib\schemaType.js:1634:17)
      at cast (C:\Users\Rezwa\OneDrive\Documents\University-Management\university-management-auth-service\node_modules\mongoose\lib\cast.js:375:32)
      at model.Query.Query.cast (C:\Users\Rezwa\OneDrive\Documents\University-Management\university-management-auth-service\node_modules\mongoose\lib\query.js:4746:12)
      at model.Query.Query._castConditions (C:\Users\Rezwa\OneDrive\Documents\University-Management\university-management-auth-service\node_modules\mongoose\lib\query.js:2200:10)
      at model.Query._findOne (C:\Users\Rezwa\OneDrive\Documents\University-Management\university-management-auth-service\node_modules\mongoose\lib\query.js:2484:8)
      at model.Query.exec (C:\Users\Rezwa\OneDrive\Documents\University-Management\university-management-auth-service\node_modules\mongoose\lib\query.js:4290:80),
  valueType: 'string',
  model: Model { AcademicSemester },
  level: 'error',
  message: 'UnCaught Exception is Detected... Cast to ObjectId failed for value "65e2f0d0dcc9589af052c1e" (type string) at path "_id" for model "AcademicSemester"',
  stack: 'CastError: Cast to ObjectId failed for value "65e2f0d0dcc9589af052c1e" (type string) at path "_id" for model "AcademicSemester"\n' +
    '    at SchemaObjectId.cast (C:\\Users\\Rezwa\\OneDrive\\Documents\\University-Management\\university-management-auth-service\\node_modules\\mongoose\\lib\\schema\\objectId.js:250:11)\n' +
    '    at SchemaObjectId.SchemaType.applySetters (C:\\Users\\Rezwa\\OneDrive\\Documents\\University-Management\\university-management-auth-service\\node_modules\\mongoose\\lib\\schemaType.js:1219:12)\n' +
    '    at SchemaObjectId.SchemaType.castForQuery (C:\\Users\\Rezwa\\OneDrive\\Documents\\University-Management\\university-management-auth-service\\node_modules\\mongoose\\lib\\schemaType.js:1634:17)\n' +
    '    at cast (C:\\Users\\Rezwa\\OneDrive\\Documents\\University-Management\\university-management-auth-service\\node_modules\\mongoose\\lib\\cast.js:375:32)\n' +
    '    at model.Query.Query.cast (C:\\Users\\Rezwa\\OneDrive\\Documents\\University-Management\\university-management-auth-service\\node_modules\\mongoose\\lib\\query.js:4746:12)\n' +
    '    at model.Query.Query._castConditions (C:\\Users\\Rezwa\\OneDrive\\Documents\\University-Management\\university-management-auth-service\\node_modules\\mongoose\\lib\\query.js:2200:10)\n' +
    '    at model.Query._findOne (C:\\Users\\Rezwa\\OneDrive\\Documents\\University-Management\\university-management-auth-service\\node_modules\\mongoose\\lib\\query.js:2484:8)\n' +
    '    at model.Query.exec (C:\\Users\\Rezwa\\OneDrive\\Documents\\University-Management\\university-management-auth-service\\node_modules\\mongoose\\lib\\query.js:4290:80)\n' +
    '    at processTicksAndRejections (node:internal/process/task_queues:95:5)',
  label: 'right meow!',
  timestamp: '2024-03-02T16:07:17.200Z'
}
{
  stringValue: '"65e2f0d0dcc9589af052c1e"',
  messageFormat: undefined,
  kind: 'ObjectId',
  value: '65e2f0d0dcc9589af052c1e',
  path: '_id',
  reason: BSONError: input must be a 24 character hex string, 12 byte Uint8Array, or an integer
      at new ObjectId (C:\Users\Rezwa\OneDrive\Documents\University-Management\university-management-auth-service\node_modules\bson\src\objectid.ts:80:15)
      at castObjectId (C:\Users\Rezwa\OneDrive\Documents\University-Management\university-management-auth-service\node_modules\mongoose\lib\cast\objectid.js:25:12)
      at SchemaObjectId.cast (C:\Users\Rezwa\OneDrive\Documents\University-Management\university-management-auth-service\node_modules\mongoose\lib\schema\objectId.js:248:12)
      at SchemaObjectId.SchemaType.applySetters (C:\Users\Rezwa\OneDrive\Documents\University-Management\university-management-auth-service\node_modules\mongoose\lib\schemaType.js:1219:12)
      at SchemaObjectId.SchemaType.castForQuery (C:\Users\Rezwa\OneDrive\Documents\University-Management\university-management-auth-service\node_modules\mongoose\lib\schemaType.js:1634:17)
      at cast (C:\Users\Rezwa\OneDrive\Documents\University-Management\university-management-auth-service\node_modules\mongoose\lib\cast.js:375:32)
      at model.Query.Query.cast (C:\Users\Rezwa\OneDrive\Documents\University-Management\university-management-auth-service\node_modules\mongoose\lib\query.js:4746:12)
      at model.Query.Query._castConditions (C:\Users\Rezwa\OneDrive\Documents\University-Management\university-management-auth-service\node_modules\mongoose\lib\query.js:2200:10)
      at model.Query._findOne (C:\Users\Rezwa\OneDrive\Documents\University-Management\university-management-auth-service\node_modules\mongoose\lib\query.js:2484:8)
      at model.Query.exec (C:\Users\Rezwa\OneDrive\Documents\University-Management\university-management-auth-service\node_modules\mongoose\lib\query.js:4290:80),
  valueType: 'string',
  model: Model { AcademicSemester },
  level: 'error',
  message: 'UnCaught Exception is Detected... Cast to ObjectId failed for value "65e2f0d0dcc9589af052c1e" (type string) at path "_id" for model "AcademicSemester"',
  stack: 'CastError: Cast to ObjectId failed for value "65e2f0d0dcc9589af052c1e" (type string) at path "_id" for model "AcademicSemester"\n' +
    '    at SchemaObjectId.cast (C:\\Users\\Rezwa\\OneDrive\\Documents\\University-Management\\university-management-auth-service\\node_modules\\mongoose\\lib\\schema\\objectId.js:250:11)\n' +
    '    at SchemaObjectId.SchemaType.applySetters (C:\\Users\\Rezwa\\OneDrive\\Documents\\University-Management\\university-management-auth-service\\node_modules\\mongoose\\lib\\schemaType.js:1219:12)\n' +
    '    at SchemaObjectId.SchemaType.castForQuery (C:\\Users\\Rezwa\\OneDrive\\Documents\\University-Management\\university-management-auth-service\\node_modules\\mongoose\\lib\\schemaType.js:1634:17)\n' +
    '    at cast (C:\\Users\\Rezwa\\OneDrive\\Documents\\University-Management\\university-management-auth-service\\node_modules\\mongoose\\lib\\cast.js:375:32)\n' +
    '    at model.Query.Query.cast (C:\\Users\\Rezwa\\OneDrive\\Documents\\University-Management\\university-management-auth-service\\node_modules\\mongoose\\lib\\query.js:4746:12)\n' +
    '    at model.Query.Query._castConditions (C:\\Users\\Rezwa\\OneDrive\\Documents\\University-Management\\university-management-auth-service\\node_modules\\mongoose\\lib\\query.js:2200:10)\n' +
    '    at model.Query._findOne (C:\\Users\\Rezwa\\OneDrive\\Documents\\University-Management\\university-management-auth-service\\node_modules\\mongoose\\lib\\query.js:2484:8)\n' +
    '    at model.Query.exec (C:\\Users\\Rezwa\\OneDrive\\Documents\\University-Management\\university-management-auth-service\\node_modules\\mongoose\\lib\\query.js:4290:80)\n' +
    '    at processTicksAndRejections (node:internal/process/task_queues:95:5)',
  label: 'right meow!',
  timestamp: '2024-03-02T16:11:27.318Z'
}
{
  stringValue: '"65e2f0d0dcc9589af052c1e"',
  messageFormat: undefined,
  kind: 'ObjectId',
  value: '65e2f0d0dcc9589af052c1e',
  path: '_id',
  reason: BSONError: input must be a 24 character hex string, 12 byte Uint8Array, or an integer
      at new ObjectId (C:\Users\Rezwa\OneDrive\Documents\University-Management\university-management-auth-service\node_modules\bson\src\objectid.ts:80:15)
      at castObjectId (C:\Users\Rezwa\OneDrive\Documents\University-Management\university-management-auth-service\node_modules\mongoose\lib\cast\objectid.js:25:12)
      at SchemaObjectId.cast (C:\Users\Rezwa\OneDrive\Documents\University-Management\university-management-auth-service\node_modules\mongoose\lib\schema\objectId.js:248:12)
      at SchemaObjectId.SchemaType.applySetters (C:\Users\Rezwa\OneDrive\Documents\University-Management\university-management-auth-service\node_modules\mongoose\lib\schemaType.js:1219:12)
      at SchemaObjectId.SchemaType.castForQuery (C:\Users\Rezwa\OneDrive\Documents\University-Management\university-management-auth-service\node_modules\mongoose\lib\schemaType.js:1634:17)
      at cast (C:\Users\Rezwa\OneDrive\Documents\University-Management\university-management-auth-service\node_modules\mongoose\lib\cast.js:375:32)
      at model.Query.Query.cast (C:\Users\Rezwa\OneDrive\Documents\University-Management\university-management-auth-service\node_modules\mongoose\lib\query.js:4746:12)
      at model.Query.Query._castConditions (C:\Users\Rezwa\OneDrive\Documents\University-Management\university-management-auth-service\node_modules\mongoose\lib\query.js:2200:10)
      at model.Query._findOne (C:\Users\Rezwa\OneDrive\Documents\University-Management\university-management-auth-service\node_modules\mongoose\lib\query.js:2484:8)
      at model.Query.exec (C:\Users\Rezwa\OneDrive\Documents\University-Management\university-management-auth-service\node_modules\mongoose\lib\query.js:4290:80),
  valueType: 'string',
  model: Model { AcademicSemester },
  level: 'error',
  message: 'UnCaught Exception is Detected... Cast to ObjectId failed for value "65e2f0d0dcc9589af052c1e" (type string) at path "_id" for model "AcademicSemester"',
  stack: 'CastError: Cast to ObjectId failed for value "65e2f0d0dcc9589af052c1e" (type string) at path "_id" for model "AcademicSemester"\n' +
    '    at SchemaObjectId.cast (C:\\Users\\Rezwa\\OneDrive\\Documents\\University-Management\\university-management-auth-service\\node_modules\\mongoose\\lib\\schema\\objectId.js:250:11)\n' +
    '    at SchemaObjectId.SchemaType.applySetters (C:\\Users\\Rezwa\\OneDrive\\Documents\\University-Management\\university-management-auth-service\\node_modules\\mongoose\\lib\\schemaType.js:1219:12)\n' +
    '    at SchemaObjectId.SchemaType.castForQuery (C:\\Users\\Rezwa\\OneDrive\\Documents\\University-Management\\university-management-auth-service\\node_modules\\mongoose\\lib\\schemaType.js:1634:17)\n' +
    '    at cast (C:\\Users\\Rezwa\\OneDrive\\Documents\\University-Management\\university-management-auth-service\\node_modules\\mongoose\\lib\\cast.js:375:32)\n' +
    '    at model.Query.Query.cast (C:\\Users\\Rezwa\\OneDrive\\Documents\\University-Management\\university-management-auth-service\\node_modules\\mongoose\\lib\\query.js:4746:12)\n' +
    '    at model.Query.Query._castConditions (C:\\Users\\Rezwa\\OneDrive\\Documents\\University-Management\\university-management-auth-service\\node_modules\\mongoose\\lib\\query.js:2200:10)\n' +
    '    at model.Query._findOne (C:\\Users\\Rezwa\\OneDrive\\Documents\\University-Management\\university-management-auth-service\\node_modules\\mongoose\\lib\\query.js:2484:8)\n' +
    '    at model.Query.exec (C:\\Users\\Rezwa\\OneDrive\\Documents\\University-Management\\university-management-auth-service\\node_modules\\mongoose\\lib\\query.js:4290:80)\n' +
    '    at processTicksAndRejections (node:internal/process/task_queues:95:5)',
  label: 'right meow!',
  timestamp: '2024-03-02T16:17:16.440Z'
}
{
  stringValue: '"65e2f0d0dcc9589af052c1e"',
  messageFormat: undefined,
  kind: 'ObjectId',
  value: '65e2f0d0dcc9589af052c1e',
  path: '_id',
  reason: BSONError: input must be a 24 character hex string, 12 byte Uint8Array, or an integer
      at new ObjectId (C:\Users\Rezwa\OneDrive\Documents\University-Management\university-management-auth-service\node_modules\bson\src\objectid.ts:80:15)
      at castObjectId (C:\Users\Rezwa\OneDrive\Documents\University-Management\university-management-auth-service\node_modules\mongoose\lib\cast\objectid.js:25:12)
      at SchemaObjectId.cast (C:\Users\Rezwa\OneDrive\Documents\University-Management\university-management-auth-service\node_modules\mongoose\lib\schema\objectId.js:248:12)
      at SchemaObjectId.SchemaType.applySetters (C:\Users\Rezwa\OneDrive\Documents\University-Management\university-management-auth-service\node_modules\mongoose\lib\schemaType.js:1219:12)
      at SchemaObjectId.SchemaType.castForQuery (C:\Users\Rezwa\OneDrive\Documents\University-Management\university-management-auth-service\node_modules\mongoose\lib\schemaType.js:1634:17)
      at cast (C:\Users\Rezwa\OneDrive\Documents\University-Management\university-management-auth-service\node_modules\mongoose\lib\cast.js:375:32)
      at model.Query.Query.cast (C:\Users\Rezwa\OneDrive\Documents\University-Management\university-management-auth-service\node_modules\mongoose\lib\query.js:4746:12)
      at model.Query.Query._castConditions (C:\Users\Rezwa\OneDrive\Documents\University-Management\university-management-auth-service\node_modules\mongoose\lib\query.js:2200:10)
      at model.Query._findOne (C:\Users\Rezwa\OneDrive\Documents\University-Management\university-management-auth-service\node_modules\mongoose\lib\query.js:2484:8)
      at model.Query.exec (C:\Users\Rezwa\OneDrive\Documents\University-Management\university-management-auth-service\node_modules\mongoose\lib\query.js:4290:80),
  valueType: 'string',
  model: Model { AcademicSemester },
  level: 'error',
  label: 'right meow!',
  timestamp: '2024-03-02T16:24:50.789Z'
}
{
  stringValue: '"65e2f0d0dcc9589af052c1e"',
  messageFormat: undefined,
  kind: 'ObjectId',
  value: '65e2f0d0dcc9589af052c1e',
  path: '_id',
  reason: BSONError: input must be a 24 character hex string, 12 byte Uint8Array, or an integer
      at new ObjectId (C:\Users\Rezwa\OneDrive\Documents\University-Management\university-management-auth-service\node_modules\bson\src\objectid.ts:80:15)
      at castObjectId (C:\Users\Rezwa\OneDrive\Documents\University-Management\university-management-auth-service\node_modules\mongoose\lib\cast\objectid.js:25:12)
      at SchemaObjectId.cast (C:\Users\Rezwa\OneDrive\Documents\University-Management\university-management-auth-service\node_modules\mongoose\lib\schema\objectId.js:248:12)
      at SchemaObjectId.SchemaType.applySetters (C:\Users\Rezwa\OneDrive\Documents\University-Management\university-management-auth-service\node_modules\mongoose\lib\schemaType.js:1219:12)
      at SchemaObjectId.SchemaType.castForQuery (C:\Users\Rezwa\OneDrive\Documents\University-Management\university-management-auth-service\node_modules\mongoose\lib\schemaType.js:1634:17)
      at cast (C:\Users\Rezwa\OneDrive\Documents\University-Management\university-management-auth-service\node_modules\mongoose\lib\cast.js:375:32)
      at model.Query.Query.cast (C:\Users\Rezwa\OneDrive\Documents\University-Management\university-management-auth-service\node_modules\mongoose\lib\query.js:4746:12)
      at model.Query.Query._castConditions (C:\Users\Rezwa\OneDrive\Documents\University-Management\university-management-auth-service\node_modules\mongoose\lib\query.js:2200:10)
      at model.Query._findOne (C:\Users\Rezwa\OneDrive\Documents\University-Management\university-management-auth-service\node_modules\mongoose\lib\query.js:2484:8)
      at model.Query.exec (C:\Users\Rezwa\OneDrive\Documents\University-Management\university-management-auth-service\node_modules\mongoose\lib\query.js:4290:80),
  valueType: 'string',
  model: Model { AcademicSemester },
  level: 'error',
  label: 'right meow!',
  timestamp: '2024-03-02T16:26:32.840Z'
}
{
  statusCode: 400,
  level: 'error',
  label: 'right meow!',
  timestamp: '2024-03-02T16:34:20.142Z'
}
{
  stringValue: '"65e2f0d0dcc9589af052c1e"',
  messageFormat: undefined,
  kind: 'ObjectId',
  value: '65e2f0d0dcc9589af052c1e',
  path: '_id',
  reason: BSONError: input must be a 24 character hex string, 12 byte Uint8Array, or an integer
      at new ObjectId (C:\Users\Rezwa\OneDrive\Documents\University-Management\university-management-auth-service\node_modules\bson\src\objectid.ts:80:15)
      at castObjectId (C:\Users\Rezwa\OneDrive\Documents\University-Management\university-management-auth-service\node_modules\mongoose\lib\cast\objectid.js:25:12)
      at SchemaObjectId.cast (C:\Users\Rezwa\OneDrive\Documents\University-Management\university-management-auth-service\node_modules\mongoose\lib\schema\objectId.js:248:12)
      at SchemaObjectId.SchemaType.applySetters (C:\Users\Rezwa\OneDrive\Documents\University-Management\university-management-auth-service\node_modules\mongoose\lib\schemaType.js:1219:12)
      at SchemaObjectId.SchemaType.castForQuery (C:\Users\Rezwa\OneDrive\Documents\University-Management\university-management-auth-service\node_modules\mongoose\lib\schemaType.js:1634:17)
      at cast (C:\Users\Rezwa\OneDrive\Documents\University-Management\university-management-auth-service\node_modules\mongoose\lib\cast.js:375:32)
      at model.Query.Query.cast (C:\Users\Rezwa\OneDrive\Documents\University-Management\university-management-auth-service\node_modules\mongoose\lib\query.js:4746:12)
      at model.Query.Query._castConditions (C:\Users\Rezwa\OneDrive\Documents\University-Management\university-management-auth-service\node_modules\mongoose\lib\query.js:2200:10)
      at model.Query._findOne (C:\Users\Rezwa\OneDrive\Documents\University-Management\university-management-auth-service\node_modules\mongoose\lib\query.js:2484:8)
      at model.Query.exec (C:\Users\Rezwa\OneDrive\Documents\University-Management\university-management-auth-service\node_modules\mongoose\lib\query.js:4290:80),
  valueType: 'string',
  model: Model { AcademicSemester },
  level: 'error',
  label: 'right meow!',
  timestamp: '2024-03-02T16:48:40.627Z'
}
