{
  issues: [
    {
      code: 'invalid_type',
      expected: 'string',
      received: 'number',
      path: [ 'body', 'year' ],
      message: 'Expected string, received number'
    }
  ],
  addIssue: [Function (anonymous)],
  addIssues: [Function (anonymous)],
  name: 'ZodError',
  level: 'error',
  message: '🐱‍🏍 globalErrorHandler ~~ [\n' +
    '  {\n' +
    '    "code": "invalid_type",\n' +
    '    "expected": "string",\n' +
    '    "received": "number",\n' +
    '    "path": [\n' +
    '      "body",\n' +
    '      "year"\n' +
    '    ],\n' +
    '    "message": "Expected string, received number"\n' +
    '  }\n' +
    ']',
  stack: 'ZodError: [\n' +
    '  {\n' +
    '    "code": "invalid_type",\n' +
    '    "expected": "string",\n' +
    '    "received": "number",\n' +
    '    "path": [\n' +
    '      "body",\n' +
    '      "year"\n' +
    '    ],\n' +
    '    "message": "Expected string, received number"\n' +
    '  }\n' +
    ']\n' +
    '    at Object.get error [as error] (C:\\Users\\Rezwa\\OneDrive\\Documents\\University-Management\\university-management-auth-service\\node_modules\\zod\\lib\\types.js:43:31)\n' +
    '    at ZodObject.parse (C:\\Users\\Rezwa\\OneDrive\\Documents\\University-Management\\university-management-auth-service\\node_modules\\zod\\lib\\types.js:143:22)\n' +
    '    at C:\\Users\\Rezwa\\OneDrive\\Documents\\University-Management\\university-management-auth-service\\src\\app\\middlewares\\validateRequest.ts:6:22\n' +
    '    at Generator.next (<anonymous>)\n' +
    '    at C:\\Users\\Rezwa\\OneDrive\\Documents\\University-Management\\university-management-auth-service\\src\\app\\middlewares\\validateRequest.ts:8:71\n' +
    '    at new Promise (<anonymous>)\n' +
    '    at __awaiter (C:\\Users\\Rezwa\\OneDrive\\Documents\\University-Management\\university-management-auth-service\\src\\app\\middlewares\\validateRequest.ts:4:12)\n' +
    '    at C:\\Users\\Rezwa\\OneDrive\\Documents\\University-Management\\university-management-auth-service\\src\\app\\middlewares\\validateRequest.ts:4:124\n' +
    '    at Layer.handle [as handle_request] (C:\\Users\\Rezwa\\OneDrive\\Documents\\University-Management\\university-management-auth-service\\node_modules\\express\\lib\\router\\layer.js:95:5)\n' +
    '    at next (C:\\Users\\Rezwa\\OneDrive\\Documents\\University-Management\\university-management-auth-service\\node_modules\\express\\lib\\router\\route.js:144:13)',
  label: 'right meow!',
  timestamp: '2024-03-01T11:29:01.293Z'
}
{
  message: 'UnHandle Rejection are detected,We are closing our server now ....',
  level: 'error',
  label: 'right meow!',
  timestamp: '2024-03-01T11:30:14.176Z'
}
{
  level: 'error',
  label: 'right meow!',
  timestamp: '2024-03-01T11:31:17.474Z'
}
{
  message: 'UnHandle Rejection are detected,We are closing our server now ....',
  level: 'error',
  label: 'right meow!',
  timestamp: '2024-03-01T11:34:17.121Z'
}
{
  level: 'error',
  label: 'right meow!',
  timestamp: '2024-03-01T11:34:46.689Z'
}
{
  message: 'UnHandle Rejection are detected,We are closing our server now ....',
  level: 'error',
  label: 'right meow!',
  timestamp: '2024-03-01T11:42:15.087Z'
}
{
  message: 'UnHandle Rejection are detected,We are closing our server now ....',
  level: 'error',
  label: 'right meow!',
  timestamp: '2024-03-01T11:44:56.795Z'
}
{
  message: 'UnHandle Rejection are detected,We are closing our server now ....',
  level: 'error',
  label: 'right meow!',
  timestamp: '2024-03-01T11:45:30.808Z'
}
{
  level: 'error',
  message: 'UnCaught Exception is Detected... Failed to fetch academic semesters',
  stack: 'Error: Failed to fetch academic semesters\n' +
    '    at C:\\Users\\Rezwa\\OneDrive\\Documents\\University-Management\\university-management-auth-service\\src\\app\\modules\\academicSemester\\academicSemester.service.ts:90:11\n' +
    '    at Generator.throw (<anonymous>)\n' +
    '    at rejected (C:\\Users\\Rezwa\\OneDrive\\Documents\\University-Management\\university-management-auth-service\\src\\app\\modules\\academicSemester\\academicSemester.service.ts:6:65)\n' +
    '    at processTicksAndRejections (node:internal/process/task_queues:95:5)',
  label: 'right meow!',
  timestamp: '2024-03-01T11:48:34.750Z'
}
