{
  issues: [
    {
      expected: "'Autumn' | 'Summer' | 'Fall'",
      received: 'undefined',
      code: 'invalid_type',
      path: [ 'body', 'title' ],
      message: 'Title is Require'
    },
    {
      code: 'invalid_type',
      expected: 'number',
      received: 'undefined',
      path: [ 'body', 'year' ],
      message: 'Year is Require'
    },
    {
      expected: "'01' | '02' | '03'",
      received: 'undefined',
      code: 'invalid_type',
      path: [ 'body', 'code' ],
      message: 'Code is Require'
    },
    {
      expected: "'January' | 'February' | 'March' | 'April' | 'May' | 'June' | 'July' | 'August' | 'September' | 'October' | 'November' | 'December'",
      received: 'undefined',
      code: 'invalid_type',
      path: [ 'body', 'startMonth' ],
      message: 'Start-Month is Require'
    },
    {
      expected: "'January' | 'February' | 'March' | 'April' | 'May' | 'June' | 'July' | 'August' | 'September' | 'October' | 'November' | 'December'",
      received: 'undefined',
      code: 'invalid_type',
      path: [ 'body', 'endMonth' ],
      message: 'End-Month is Required'
    }
  ],
  addIssue: [Function (anonymous)],
  addIssues: [Function (anonymous)],
  name: 'ZodError',
  level: 'error',
  message: '🐱‍🏍 globalErrorHandler ~~ [\n' +
    '  {\n' +
    `    "expected": "'Autumn' | 'Summer' | 'Fall'",\n` +
    '    "received": "undefined",\n' +
    '    "code": "invalid_type",\n' +
    '    "path": [\n' +
    '      "body",\n' +
    '      "title"\n' +
    '    ],\n' +
    '    "message": "Title is Require"\n' +
    '  },\n' +
    '  {\n' +
    '    "code": "invalid_type",\n' +
    '    "expected": "number",\n' +
    '    "received": "undefined",\n' +
    '    "path": [\n' +
    '      "body",\n' +
    '      "year"\n' +
    '    ],\n' +
    '    "message": "Year is Require"\n' +
    '  },\n' +
    '  {\n' +
    `    "expected": "'01' | '02' | '03'",\n` +
    '    "received": "undefined",\n' +
    '    "code": "invalid_type",\n' +
    '    "path": [\n' +
    '      "body",\n' +
    '      "code"\n' +
    '    ],\n' +
    '    "message": "Code is Require"\n' +
    '  },\n' +
    '  {\n' +
    `    "expected": "'January' | 'February' | 'March' | 'April' | 'May' | 'June' | 'July' | 'August' | 'September' | 'October' | 'November' | 'December'",\n` +
    '    "received": "undefined",\n' +
    '    "code": "invalid_type",\n' +
    '    "path": [\n' +
    '      "body",\n' +
    '      "startMonth"\n' +
    '    ],\n' +
    '    "message": "Start-Month is Require"\n' +
    '  },\n' +
    '  {\n' +
    `    "expected": "'January' | 'February' | 'March' | 'April' | 'May' | 'June' | 'July' | 'August' | 'September' | 'October' | 'November' | 'December'",\n` +
    '    "received": "undefined",\n' +
    '    "code": "invalid_type",\n' +
    '    "path": [\n' +
    '      "body",\n' +
    '      "endMonth"\n' +
    '    ],\n' +
    '    "message": "End-Month is Required"\n' +
    '  }\n' +
    ']',
  stack: 'ZodError: [\n' +
    '  {\n' +
    `    "expected": "'Autumn' | 'Summer' | 'Fall'",\n` +
    '    "received": "undefined",\n' +
    '    "code": "invalid_type",\n' +
    '    "path": [\n' +
    '      "body",\n' +
    '      "title"\n' +
    '    ],\n' +
    '    "message": "Title is Require"\n' +
    '  },\n' +
    '  {\n' +
    '    "code": "invalid_type",\n' +
    '    "expected": "number",\n' +
    '    "received": "undefined",\n' +
    '    "path": [\n' +
    '      "body",\n' +
    '      "year"\n' +
    '    ],\n' +
    '    "message": "Year is Require"\n' +
    '  },\n' +
    '  {\n' +
    `    "expected": "'01' | '02' | '03'",\n` +
    '    "received": "undefined",\n' +
    '    "code": "invalid_type",\n' +
    '    "path": [\n' +
    '      "body",\n' +
    '      "code"\n' +
    '    ],\n' +
    '    "message": "Code is Require"\n' +
    '  },\n' +
    '  {\n' +
    `    "expected": "'January' | 'February' | 'March' | 'April' | 'May' | 'June' | 'July' | 'August' | 'September' | 'October' | 'November' | 'December'",\n` +
    '    "received": "undefined",\n' +
    '    "code": "invalid_type",\n' +
    '    "path": [\n' +
    '      "body",\n' +
    '      "startMonth"\n' +
    '    ],\n' +
    '    "message": "Start-Month is Require"\n' +
    '  },\n' +
    '  {\n' +
    `    "expected": "'January' | 'February' | 'March' | 'April' | 'May' | 'June' | 'July' | 'August' | 'September' | 'October' | 'November' | 'December'",\n` +
    '    "received": "undefined",\n' +
    '    "code": "invalid_type",\n' +
    '    "path": [\n' +
    '      "body",\n' +
    '      "endMonth"\n' +
    '    ],\n' +
    '    "message": "End-Month is Required"\n' +
    '  }\n' +
    ']\n' +
    '    at Object.get error [as error] (C:\\Users\\Rezwa\\OneDrive\\Documents\\University-Management\\university-management-auth-service\\node_modules\\zod\\lib\\types.js:43:31)\n' +
    '    at ZodObject.parse (C:\\Users\\Rezwa\\OneDrive\\Documents\\University-Management\\university-management-auth-service\\node_modules\\zod\\lib\\types.js:143:22)\n' +
    '    at C:\\Users\\Rezwa\\OneDrive\\Documents\\University-Management\\university-management-auth-service\\src\\app\\middlewares\\validateRequest.ts:6:22\n' +
    '    at Generator.next (<anonymous>)\n' +
    '    at C:\\Users\\Rezwa\\OneDrive\\Documents\\University-Management\\university-management-auth-service\\src\\app\\middlewares\\validateRequest.ts:8:71\n' +
    '    at new Promise (<anonymous>)\n' +
    '    at __awaiter (C:\\Users\\Rezwa\\OneDrive\\Documents\\University-Management\\university-management-auth-service\\src\\app\\middlewares\\validateRequest.ts:4:12)\n' +
    '    at C:\\Users\\Rezwa\\OneDrive\\Documents\\University-Management\\university-management-auth-service\\src\\app\\middlewares\\validateRequest.ts:4:124\n' +
    '    at Layer.handle [as handle_request] (C:\\Users\\Rezwa\\OneDrive\\Documents\\University-Management\\university-management-auth-service\\node_modules\\express\\lib\\router\\layer.js:95:5)\n' +
    '    at next (C:\\Users\\Rezwa\\OneDrive\\Documents\\University-Management\\university-management-auth-service\\node_modules\\express\\lib\\router\\route.js:144:13)',
  label: 'right meow!',
  timestamp: '2024-02-27T17:39:22.655Z'
}
