{
  message: 'UnHandle Rejection are detected,We are closing our server now ....',
  level: 'error',
  label: 'right meow!',
  timestamp: '2024-02-29T17:53:16.796Z'
}
{
  stringValue: '"i"',
  messageFormat: undefined,
  kind: 'number',
  value: 'i',
  path: 'year',
  reason: null,
  valueType: 'string',
  model: Model { AcademicSemester },
  level: 'error',
  label: 'right meow!',
  timestamp: '2024-02-29T17:54:47.007Z'
}
{
  message: 'UnHandle Rejection are detected,We are closing our server now ....',
  level: 'error',
  label: 'right meow!',
  timestamp: '2024-02-29T17:57:27.629Z'
}
{
  stringValue: '"i"',
  messageFormat: undefined,
  kind: 'number',
  value: 'i',
  path: 'year',
  reason: null,
  valueType: 'string',
  model: Model { AcademicSemester },
  level: 'error',
  label: 'right meow!',
  timestamp: '2024-02-29T17:59:31.212Z'
}
