{
  level: 'error',
  label: 'right meow!',
  timestamp: '2024-05-01T13:06:37.024Z'
}
{
  path: 'student.AcademicSemester',
  level: 'error',
  label: 'right meow!',
  timestamp: '2024-05-01T13:08:15.547Z'
}
{
  path: 'student.AcademicSemester',
  level: 'error',
  label: 'right meow!',
  timestamp: '2024-05-01T13:11:54.485Z'
}
{
  level: 'error',
  label: 'right meow!',
  timestamp: '2024-05-01T13:28:16.482Z'
}
{
  level: 'error',
  label: 'right meow!',
  timestamp: '2024-05-01T13:29:24.777Z'
}
{
  level: 'error',
  label: 'right meow!',
  timestamp: '2024-05-01T13:32:23.391Z'
}
