{
  level: 'error',
  label: 'right meow!',
  timestamp: '2024-05-01T07:06:08.153Z'
}
{
  level: 'error',
  label: 'right meow!',
  timestamp: '2024-05-01T07:06:46.091Z'
}
{
  level: 'error',
  label: 'right meow!',
  timestamp: '2024-05-01T07:08:13.981Z'
}
{
  index: 0,
  code: 11000,
  keyPattern: { email: 1 },
  keyValue: { email: 'user@gmail.com' },
  level: 'error',
  label: 'right meow!',
  timestamp: '2024-05-01T07:12:55.665Z',
  [Symbol(errorLabels)]: Set(0) {}
}
{
  level: 'error',
  label: 'right meow!',
  timestamp: '2024-05-01T07:24:54.991Z'
}
{
  level: 'error',
  label: 'right meow!',
  timestamp: '2024-05-01T07:26:27.165Z'
}
{
  index: 0,
  code: 11000,
  keyPattern: { email: 1 },
  keyValue: { email: 'user@gmail.com' },
  level: 'error',
  label: 'right meow!',
  timestamp: '2024-05-01T07:34:25.775Z',
  [Symbol(errorLabels)]: Set(0) {}
}
{
  index: 0,
  code: 11000,
  keyPattern: { email: 1 },
  keyValue: { email: 'user@gmail.com' },
  level: 'error',
  label: 'right meow!',
  timestamp: '2024-05-01T07:40:06.759Z',
  [Symbol(errorLabels)]: Set(0) {}
}
{
  level: 'error',
  label: 'right meow!',
  timestamp: '2024-05-01T07:41:45.806Z'
}
{
  index: 0,
  code: 11000,
  keyPattern: { email: 1 },
  keyValue: { email: 'user@gmail.com' },
  level: 'error',
  label: 'right meow!',
  timestamp: '2024-05-01T07:43:20.297Z',
  [Symbol(errorLabels)]: Set(0) {}
}
{
  level: 'error',
  label: 'right meow!',
  timestamp: '2024-05-01T07:54:51.886Z',
  [Symbol(errorLabels)]: Set(0) {}
}
{
  level: 'error',
  label: 'right meow!',
  timestamp: '2024-05-01T07:56:10.145Z',
  [Symbol(errorLabels)]: Set(0) {}
}
