{
  level: 'error',
  label: 'right meow!',
  timestamp: '2024-05-01T12:08:14.001Z'
}
{
  statusCode: 400,
  level: 'error',
  label: 'right meow!',
  timestamp: '2024-05-01T12:25:49.423Z'
}
{
  statusCode: 400,
  level: 'error',
  label: 'right meow!',
  timestamp: '2024-05-01T12:35:09.142Z'
}
{
  statusCode: 400,
  level: 'error',
  label: 'right meow!',
  timestamp: '2024-05-01T12:36:17.057Z'
}
{
  level: 'error',
  label: 'right meow!',
  timestamp: '2024-05-01T12:38:55.444Z'
}
{
  level: 'error',
  label: 'right meow!',
  timestamp: '2024-05-01T12:46:29.919Z'
}
{
  path: 'student.academicSemesterModel',
  level: 'error',
  label: 'right meow!',
  timestamp: '2024-05-01T12:50:35.570Z'
}
{
  path: 'student.AcademicSemester',
  level: 'error',
  label: 'right meow!',
  timestamp: '2024-05-01T12:55:29.526Z'
}
